<?xml version="1.0" encoding="UTF-8"?>
<!-- Generated by org.testng.reporters.JUnitXMLReporter -->
<testsuite hostname="LAPTOP-085J8J9J" failures="0" tests="1" name="Default test" time="2.549" errors="0" timestamp="1 Feb 2021 18:19:47 GMT">
  <testcase classname="testsLayer.CreateAccount_Test" name="@BeforeMethod objectSet" time="0.0">
    <failure type="org.openqa.selenium.SessionNotCreatedException" message="session not created: This version of ChromeDriver only supports Chrome version 86
Current browser version is 88.0.4324.104 with binary path C:\Program Files (x86)\Google\Chrome\Application\chrome.exe
Build info: version: &amp;apos;3.10.0&amp;apos;, revision: &amp;apos;176b4a9&amp;apos;, time: &amp;apos;2018-03-02T19:03:16.397Z&amp;apos;
System info: host: &amp;apos;LAPTOP-085J8J9J&amp;apos;, ip: &amp;apos;192.168.199.1&amp;apos;, os.name: &amp;apos;Windows 10&amp;apos;, os.arch: &amp;apos;amd64&amp;apos;, os.version: &amp;apos;10.0&amp;apos;, java.version: &amp;apos;15.0.1&amp;apos;
Driver info: driver.version: ChromeDriver
remote stacktrace: Backtrace:
	Ordinal0 [0x00E8C013+3194899]
	Ordinal0 [0x00D76021+2056225]
	Ordinal0 [0x00C0F608+587272]
	Ordinal0 [0x00B91BF3+72691]
	Ordinal0 [0x00B8E229+57897]
	Ordinal0 [0x00B8C64A+50762]
	Ordinal0 [0x00BB1EE9+204521]
	Ordinal0 [0x00BB1D0D+204045]
	Ordinal0 [0x00BAFC1B+195611]
	Ordinal0 [0x00B93B7F+80767]
	Ordinal0 [0x00B94B4E+84814]
	Ordinal0 [0x00B94AD9+84697]
	Ordinal0 [0x00D8CE64+2149988]
	GetHandleVerifier [0x00FFBE95+1400773]
	GetHandleVerifier [0x00FFBB61+1399953]
	GetHandleVerifier [0x010031FA+1430314]
	GetHandleVerifier [0x00FFC69F+1402831]
	Ordinal0 [0x00D83D61+2112865]
	Ordinal0 [0x00D8E5CB+2155979]
	Ordinal0 [0x00D8E6F5+2156277]
	Ordinal0 [0x00D9F26E+2224750]
	BaseThreadInitThunk [0x7552FA29+25]
	RtlGetAppContainerNamedObjectPath [0x774475F4+228]
	RtlGetAppContainerNamedObjectPath [0x774475C4+180]
">
      <![CDATA[org.openqa.selenium.SessionNotCreatedException: session not created: This version of ChromeDriver only supports Chrome version 86
Current browser version is 88.0.4324.104 with binary path C:\Program Files (x86)\Google\Chrome\Application\chrome.exe
Build info: version: '3.10.0', revision: '176b4a9', time: '2018-03-02T19:03:16.397Z'
System info: host: 'LAPTOP-085J8J9J', ip: '192.168.199.1', os.name: 'Windows 10', os.arch: 'amd64', os.version: '10.0', java.version: '15.0.1'
Driver info: driver.version: ChromeDriver
remote stacktrace: Backtrace:
	Ordinal0 [0x00E8C013+3194899]
	Ordinal0 [0x00D76021+2056225]
	Ordinal0 [0x00C0F608+587272]
	Ordinal0 [0x00B91BF3+72691]
	Ordinal0 [0x00B8E229+57897]
	Ordinal0 [0x00B8C64A+50762]
	Ordinal0 [0x00BB1EE9+204521]
	Ordinal0 [0x00BB1D0D+204045]
	Ordinal0 [0x00BAFC1B+195611]
	Ordinal0 [0x00B93B7F+80767]
	Ordinal0 [0x00B94B4E+84814]
	Ordinal0 [0x00B94AD9+84697]
	Ordinal0 [0x00D8CE64+2149988]
	GetHandleVerifier [0x00FFBE95+1400773]
	GetHandleVerifier [0x00FFBB61+1399953]
	GetHandleVerifier [0x010031FA+1430314]
	GetHandleVerifier [0x00FFC69F+1402831]
	Ordinal0 [0x00D83D61+2112865]
	Ordinal0 [0x00D8E5CB+2155979]
	Ordinal0 [0x00D8E6F5+2156277]
	Ordinal0 [0x00D9F26E+2224750]
	BaseThreadInitThunk [0x7552FA29+25]
	RtlGetAppContainerNamedObjectPath [0x774475F4+228]
	RtlGetAppContainerNamedObjectPath [0x774475C4+180]

	at java.base/jdk.internal.reflect.NativeConstructorAccessorImpl.newInstance0(Native Method)
	at java.base/jdk.internal.reflect.NativeConstructorAccessorImpl.newInstance(NativeConstructorAccessorImpl.java:64)
	at java.base/jdk.internal.reflect.DelegatingConstructorAccessorImpl.newInstance(DelegatingConstructorAccessorImpl.java:45)
	at java.base/java.lang.reflect.Constructor.newInstanceWithCaller(Constructor.java:500)
	at java.base/java.lang.reflect.Constructor.newInstance(Constructor.java:481)
	at org.openqa.selenium.remote.W3CHandshakeResponse.lambda$new$0(W3CHandshakeResponse.java:57)
	at org.openqa.selenium.remote.W3CHandshakeResponse.lambda$getResponseFunction$2(W3CHandshakeResponse.java:104)
	at org.openqa.selenium.remote.ProtocolHandshake.lambda$createSession$0(ProtocolHandshake.java:123)
	at java.base/java.util.stream.ReferencePipeline$3$1.accept(ReferencePipeline.java:195)
	at java.base/java.util.Spliterators$ArraySpliterator.tryAdvance(Spliterators.java:958)
	at java.base/java.util.stream.ReferencePipeline.forEachWithCancel(ReferencePipeline.java:127)
	at java.base/java.util.stream.AbstractPipeline.copyIntoWithCancel(AbstractPipeline.java:502)
	at java.base/java.util.stream.AbstractPipeline.copyInto(AbstractPipeline.java:488)
	at java.base/java.util.stream.AbstractPipeline.wrapAndCopyInto(AbstractPipeline.java:474)
	at java.base/java.util.stream.FindOps$FindOp.evaluateSequential(FindOps.java:150)
	at java.base/java.util.stream.AbstractPipeline.evaluate(AbstractPipeline.java:234)
	at java.base/java.util.stream.ReferencePipeline.findFirst(ReferencePipeline.java:543)
	at org.openqa.selenium.remote.ProtocolHandshake.createSession(ProtocolHandshake.java:126)
	at org.openqa.selenium.remote.ProtocolHandshake.createSession(ProtocolHandshake.java:73)
	at org.openqa.selenium.remote.HttpCommandExecutor.execute(HttpCommandExecutor.java:138)
	at org.openqa.selenium.remote.service.DriverCommandExecutor.execute(DriverCommandExecutor.java:83)
	at org.openqa.selenium.remote.RemoteWebDriver.execute(RemoteWebDriver.java:601)
	at org.openqa.selenium.remote.RemoteWebDriver.startSession(RemoteWebDriver.java:219)
	at org.openqa.selenium.remote.RemoteWebDriver.<init>(RemoteWebDriver.java:142)
	at org.openqa.selenium.chrome.ChromeDriver.<init>(ChromeDriver.java:181)
	at org.openqa.selenium.chrome.ChromeDriver.<init>(ChromeDriver.java:168)
	at org.openqa.selenium.chrome.ChromeDriver.<init>(ChromeDriver.java:123)
	at testBaseLayer.TestSet.driverSet(TestSet.java:154)
	at testBaseLayer.TestSet.objectSet(TestSet.java:172)
	at java.base/jdk.internal.reflect.NativeMethodAccessorImpl.invoke0(Native Method)
	at java.base/jdk.internal.reflect.NativeMethodAccessorImpl.invoke(NativeMethodAccessorImpl.java:64)
	at java.base/jdk.internal.reflect.DelegatingMethodAccessorImpl.invoke(DelegatingMethodAccessorImpl.java:43)
	at java.base/java.lang.reflect.Method.invoke(Method.java:564)
	at org.testng.internal.MethodInvocationHelper.invokeMethod(MethodInvocationHelper.java:80)
	at org.testng.internal.Invoker.invokeConfigurationMethod(Invoker.java:564)
	at org.testng.internal.Invoker.invokeConfigurations(Invoker.java:213)
	at org.testng.internal.Invoker.invokeMethod(Invoker.java:653)
	at org.testng.internal.Invoker.invokeTestMethod(Invoker.java:901)
	at org.testng.internal.Invoker.invokeTestMethods(Invoker.java:1231)
	at org.testng.internal.TestMethodWorker.invokeTestMethods(TestMethodWorker.java:127)
	at org.testng.internal.TestMethodWorker.run(TestMethodWorker.java:111)
	at org.testng.TestRunner.privateRun(TestRunner.java:767)
	at org.testng.TestRunner.run(TestRunner.java:617)
	at org.testng.SuiteRunner.runTest(SuiteRunner.java:334)
	at org.testng.SuiteRunner.runSequentially(SuiteRunner.java:329)
	at org.testng.SuiteRunner.privateRun(SuiteRunner.java:291)
	at org.testng.SuiteRunner.run(SuiteRunner.java:240)
	at org.testng.SuiteRunnerWorker.runSuite(SuiteRunnerWorker.java:52)
	at org.testng.SuiteRunnerWorker.run(SuiteRunnerWorker.java:86)
	at org.testng.TestNG.runSuitesSequentially(TestNG.java:1198)
	at org.testng.TestNG.runSuitesLocally(TestNG.java:1123)
	at org.testng.TestNG.run(TestNG.java:1031)
	at org.testng.remote.AbstractRemoteTestNG.run(AbstractRemoteTestNG.java:115)
	at org.testng.remote.RemoteTestNG.initAndRun(RemoteTestNG.java:251)
	at org.testng.remote.RemoteTestNG.main(RemoteTestNG.java:77)
]]>
    </failure>
  </testcase> <!-- @BeforeMethod objectSet -->
  <testcase classname="testsLayer.CreateAccount_Test" name="@AfterMethod tearDown" time="0.0">
    <skipped/>
  </testcase> <!-- @AfterMethod tearDown -->
  <testcase classname="testsLayer.CreateAccount_Test" name="TC_1_createAccount_Firstname_with_2_char" time="0.002">
    <skipped/>
  </testcase> <!-- TC_1_createAccount_Firstname_with_2_char -->
</testsuite> <!-- Default test -->
